<?xml version="1.0" encoding="UTF-8"?>
<testng-results ignored="0" total="2" passed="2" failed="0" skipped="0">
  <reporter-output>
  </reporter-output>
  <suite started-at="2022-10-28T22:30:02 BDT" name="Default suite" finished-at="2022-10-28T22:30:16 BDT" duration-ms="14543">
    <groups>
    </groups>
    <test started-at="2022-10-28T22:30:02 BDT" name="Default test" finished-at="2022-10-28T22:30:16 BDT" duration-ms="14543">
      <class name="webtest.TC006_Alert_Window_Scroll_Wait">
        <test-method signature="getDriver()[pri:0, instance:webtest.TC006_Alert_Window_Scroll_Wait@3527942a]" started-at="2022-10-28T22:30:02 BDT" name="getDriver" finished-at="2022-10-28T22:30:07 BDT" duration-ms="4955" status="PASS">
          <reporter-output>
          </reporter-output>
        </test-method> <!-- getDriver -->
        <test-method signature="UseCommonMethod()[pri:0, instance:webtest.TC006_Alert_Window_Scroll_Wait@3527942a]" started-at="2022-10-28T22:30:07 BDT" name="UseCommonMethod" finished-at="2022-10-28T22:30:16 BDT" duration-ms="9532" status="PASS">
          <reporter-output>
          </reporter-output>
        </test-method> <!-- UseCommonMethod -->
        <test-method is-config="true" signature="quitDriver()[pri:0, instance:webtest.TC006_Alert_Window_Scroll_Wait@3527942a]" started-at="2022-10-28T22:30:16 BDT" name="quitDriver" finished-at="2022-10-28T22:30:16 BDT" duration-ms="330" status="PASS">
          <reporter-output>
          </reporter-output>
        </test-method> <!-- quitDriver -->
      </class> <!-- webtest.TC006_Alert_Window_Scroll_Wait -->
    </test> <!-- Default test -->
  </suite> <!-- Default suite -->
</testng-results>
